#
# A fatal error has been detected by the Java Runtime Environment:
#
#  EXCEPTION_ACCESS_VIOLATION (0xc0000005) at pc=0x6d166b30, pid=3732, tid=508
#
# JRE version: 6.0_22-b04
# Java VM: Java HotSpot(TM) Client VM (17.1-b03 mixed mode, sharing windows-x86 )
# Problematic frame:
# C  [awt.dll+0xb6b30]
#
# If you would like to submit a bug report, please visit:
#   http://java.sun.com/webapps/bugreport/crash.jsp
# The crash happened outside the Java Virtual Machine in native code.
# See problematic frame for where to report the bug.
#

---------------  T H R E A D  ---------------

Current thread (0x03d61000):  JavaThread "AWT-Windows" daemon [_thread_in_native, id=508, stack(0x041a0000,0x041f0000)]

siginfo: ExceptionCode=0xc0000005, reading address 0x00000000

Registers:
EAX=0x041ef560, EBX=0x03d86c78, ECX=0x000000ba, EDX=0x000000c0
ESP=0x041ef548, EBP=0x041ef6b8, ESI=0x00000000, EDI=0x000000c0
EIP=0x6d166b30, EFLAGS=0x00010216

Top of Stack: (sp=0x041ef548)
0x041ef548:   041ef560 00001000 00000000 03d77000
0x041ef558:   03d77000 00000190 0000012e 6d15f00c
0x041ef568:   00000000 01a17cd0 03d6c130 03d77000
0x041ef578:   6d163793 00000000 00009824 03d61118
0x041ef588:   00000001 00000190 26e7d128 0196d2be
0x041ef598:   00000190 00000000 019c24f8 03d61118
0x041ef5a8:   0196a740 041ef5d0 00000000 041ef5d0
0x041ef5b8:   6da682c5 03d61000 26e7d128 03d61000 

Instructions: (pc=0x6d166b30)
0x6d166b20:   05 00 20 00 00 50 c1 e2 05 8d 44 24 14 50 8b fa
0x6d166b30:   8b 16 57 c1 e1 05 51 56 ff 52 2c 85 c0 0f 8c 93 


Stack: [0x041a0000,0x041f0000],  sp=0x041ef548,  free space=13d041ef064k
Native frames: (J=compiled Java code, j=interpreted, Vv=VM code, C=native code)
C  [awt.dll+0xb6b30]
C  [awt.dll+0x9c74c]
C  [USER32.dll+0x186ef]
C  [USER32.dll+0x18876]
C  [USER32.dll+0x170f4]
C  [USER32.dll+0x1738f]
C  [ntdll.dll+0x460ce]
C  [USER32.dll+0x192a9]

Java frames: (J=compiled Java code, j=interpreted, Vv=VM code)
j  sun.awt.windows.WToolkit.eventLoop()V+0
j  sun.awt.windows.WToolkit.run()V+52
j  java.lang.Thread.run()V+11
v  ~StubRoutines::call_stub

---------------  P R O C E S S  ---------------

Java Threads: ( => current thread )
  0x03e03000 JavaThread "TimerQueue" daemon [_thread_blocked, id=444, stack(0x06c50000,0x06ca0000)]
  0x03dc7400 JavaThread "D3D Screen Updater" daemon [_thread_blocked, id=2172, stack(0x061b0000,0x06200000)]
  0x01941400 JavaThread "DestroyJavaVM" [_thread_blocked, id=2056, stack(0x001b0000,0x00200000)]
  0x03d6b800 JavaThread "AWT-EventQueue-0" [_thread_in_native, id=308, stack(0x044f0000,0x04540000)]
=>0x03d61000 JavaThread "AWT-Windows" daemon [_thread_in_native, id=508, stack(0x041a0000,0x041f0000)]
  0x01a3f800 JavaThread "AWT-Shutdown" [_thread_blocked, id=3796, stack(0x03f70000,0x03fc0000)]
  0x01a3d000 JavaThread "Java2D Disposer" daemon [_thread_blocked, id=3112, stack(0x03f20000,0x03f70000)]
  0x019bf800 JavaThread "Low Memory Detector" daemon [_thread_blocked, id=3108, stack(0x03c80000,0x03cd0000)]
  0x019b2400 JavaThread "CompilerThread0" daemon [_thread_blocked, id=2336, stack(0x03c30000,0x03c80000)]
  0x019b1400 JavaThread "Attach Listener" daemon [_thread_blocked, id=1976, stack(0x03be0000,0x03c30000)]
  0x019ae400 JavaThread "Signal Dispatcher" daemon [_thread_blocked, id=3608, stack(0x03b90000,0x03be0000)]
  0x01969000 JavaThread "Finalizer" daemon [_thread_blocked, id=2104, stack(0x03b40000,0x03b90000)]
  0x01967800 JavaThread "Reference Handler" daemon [_thread_blocked, id=1536, stack(0x03af0000,0x03b40000)]

Other Threads:
  0x01966800 VMThread [stack: 0x006f0000,0x00740000] [id=3552]
  0x019da800 WatcherThread [stack: 0x03cd0000,0x03d20000] [id=2620]

VM state:not at safepoint (normal execution)

VM Mutex/Monitor currently owned by a thread: None

Heap
 def new generation   total 4928K, used 4214K [0x218a0000, 0x21df0000, 0x26df0000)
  eden space 4416K,  83% used [0x218a0000, 0x21c3f3a8, 0x21cf0000)
  from space 512K,  98% used [0x21cf0000, 0x21d6e458, 0x21d70000)
  to   space 512K,   0% used [0x21d70000, 0x21d70000, 0x21df0000)
 tenured generation   total 10944K, used 1060K [0x26df0000, 0x278a0000, 0x318a0000)
   the space 10944K,   9% used [0x26df0000, 0x26ef9120, 0x26ef9200, 0x278a0000)
 compacting perm gen  total 12288K, used 3292K [0x318a0000, 0x324a0000, 0x358a0000)
   the space 12288K,  26% used [0x318a0000, 0x31bd7188, 0x31bd7200, 0x324a0000)
    ro space 10240K,  54% used [0x358a0000, 0x35e1c510, 0x35e1c600, 0x362a0000)
    rw space 12288K,  55% used [0x362a0000, 0x3693fb78, 0x3693fc00, 0x36ea0000)

Dynamic libraries:
0x00400000 - 0x00424000 	C:\Program Files\Java\jdk1.6.0_22\bin\java.exe
0x77620000 - 0x7775c000 	C:\Windows\SYSTEM32\ntdll.dll
0x76a40000 - 0x76b14000 	C:\Windows\system32\kernel32.dll
0x75980000 - 0x759ca000 	C:\Windows\system32\KERNELBASE.dll
0x6fe60000 - 0x6fe9c000 	C:\Program Files\Alwil Software\Avast5\snxhk.dll
0x76e00000 - 0x76ea0000 	C:\Windows\system32\ADVAPI32.dll
0x76d50000 - 0x76dfc000 	C:\Windows\system32\msvcrt.dll
0x77770000 - 0x77789000 	C:\Windows\SYSTEM32\sechost.dll
0x777a0000 - 0x77841000 	C:\Windows\system32\RPCRT4.dll
0x7c340000 - 0x7c396000 	C:\Program Files\Java\jdk1.6.0_22\jre\bin\msvcr71.dll
0x6d8a0000 - 0x6db47000 	C:\Program Files\Java\jdk1.6.0_22\jre\bin\client\jvm.dll
0x76f00000 - 0x76fc9000 	C:\Windows\system32\USER32.dll
0x77360000 - 0x773ae000 	C:\Windows\system32\GDI32.dll
0x77760000 - 0x7776a000 	C:\Windows\system32\LPK.dll
0x75b20000 - 0x75bbd000 	C:\Windows\system32\USP10.dll
0x73ca0000 - 0x73cd2000 	C:\Windows\system32\WINMM.dll
0x75b00000 - 0x75b1f000 	C:\Windows\system32\IMM32.DLL
0x773f0000 - 0x774bc000 	C:\Windows\system32\MSCTF.dll
0x756e0000 - 0x7572b000 	C:\Windows\system32\apphelp.dll
0x6d850000 - 0x6d85c000 	C:\Program Files\Java\jdk1.6.0_22\jre\bin\verify.dll
0x6d3d0000 - 0x6d3ef000 	C:\Program Files\Java\jdk1.6.0_22\jre\bin\java.dll
0x6d330000 - 0x6d338000 	C:\Program Files\Java\jdk1.6.0_22\jre\bin\hpi.dll
0x77790000 - 0x77795000 	C:\Windows\system32\PSAPI.DLL
0x6d890000 - 0x6d89f000 	C:\Program Files\Java\jdk1.6.0_22\jre\bin\zip.dll
0x6d0b0000 - 0x6d1fa000 	C:\Program Files\Java\jdk1.6.0_22\jre\bin\awt.dll
0x72e60000 - 0x72eb1000 	C:\Windows\system32\WINSPOOL.DRV
0x774c0000 - 0x7761c000 	C:\Windows\system32\ole32.dll
0x74710000 - 0x748ae000 	C:\Windows\WinSxS\x86_microsoft.windows.common-controls_6595b64144ccf1df_6.0.7600.16661_none_420fe3fa2b8113bd\COMCTL32.dll
0x76bd0000 - 0x76c27000 	C:\Windows\system32\SHLWAPI.dll
0x74260000 - 0x74273000 	C:\Windows\system32\DWMAPI.DLL
0x74590000 - 0x745d0000 	C:\Windows\system32\uxtheme.dll
0x75730000 - 0x7573c000 	C:\Windows\system32\CRYPTBASE.dll
0x75df0000 - 0x76a39000 	C:\Windows\system32\shell32.dll
0x6d2e0000 - 0x6d32f000 	C:\Program Files\Java\jdk1.6.0_22\jre\bin\fontmanager.dll
0x6e630000 - 0x6e7f3000 	C:\Windows\system32\d3d9.dll
0x74cb0000 - 0x74cb9000 	C:\Windows\system32\VERSION.dll
0x746f0000 - 0x746f6000 	C:\Windows\system32\d3d8thk.dll
0x6f700000 - 0x6fe5c000 	C:\Windows\system32\nvd3dum.dll
0x73d90000 - 0x73db5000 	C:\Windows\system32\powrprof.dll
0x76fd0000 - 0x7716d000 	C:\Windows\system32\SETUPAPI.dll
0x759d0000 - 0x759f7000 	C:\Windows\system32\CFGMGR32.dll
0x75bc0000 - 0x75c4f000 	C:\Windows\system32\OLEAUT32.dll
0x75a90000 - 0x75aa2000 	C:\Windows\system32\DEVOBJ.dll
0x6d6b0000 - 0x6d6c3000 	C:\Program Files\Java\jdk1.6.0_22\jre\bin\net.dll
0x773b0000 - 0x773e5000 	C:\Windows\system32\WS2_32.dll
0x76b20000 - 0x76b26000 	C:\Windows\system32\NSI.dll
0x751d0000 - 0x7520c000 	C:\Windows\system32\mswsock.dll
0x75330000 - 0x75336000 	C:\Windows\System32\wship6.dll
0x6d6d0000 - 0x6d6d9000 	C:\Program Files\Java\jdk1.6.0_22\jre\bin\nio.dll
0x6d250000 - 0x6d273000 	C:\Program Files\Java\jdk1.6.0_22\jre\bin\dcpr.dll
0x74d40000 - 0x74d45000 	C:\Windows\System32\wshtcpip.dll
0x750a0000 - 0x750e4000 	C:\Windows\system32\DNSAPI.dll
0x736f0000 - 0x7370c000 	C:\Windows\system32\IPHLPAPI.DLL
0x736e0000 - 0x736e7000 	C:\Windows\system32\WINNSI.DLL
0x6ff70000 - 0x6ff76000 	C:\Windows\system32\rasadhlp.dll
0x72080000 - 0x720b8000 	C:\Windows\System32\fwpuclnt.dll

VM Arguments:
jvm_args: -Dfile.encoding=UTF-8 
java_command: br.webverissimo.cadastro.principal.TelaPrincipal
Launcher Type: SUN_STANDARD

Environment Variables:
PATH=C:\Windows\system32;C:\Windows;C:\Windows\System32\Wbem;C:\Windows\System32\WindowsPowerShell\v1.0\
USERNAME=ADMIN
OS=Windows_NT
PROCESSOR_IDENTIFIER=x86 Family 15 Model 127 Stepping 1, AuthenticAMD



---------------  S Y S T E M  ---------------

OS: Windows 7 Build 7600 

CPU:total 1 (1 cores per cpu, 1 threads per core) family 15 model 127 stepping 1, cmov, cx8, fxsr, mmx, sse, sse2, sse3, mmxext, 3dnow, 3dnowext

Memory: 4k page, physical 3013112k(1579088k free), swap 6024460k(4259700k free)

vm_info: Java HotSpot(TM) Client VM (17.1-b03) for windows-x86 JRE (1.6.0_22-b04), built on Sep 15 2010 00:56:36 by "java_re" with MS VC++ 7.1 (VS2003)

time: Thu Sep 20 22:07:39 2012
elapsed time: 30 seconds

